******** xxx ********
******************* GDI DUMP => Date : Fri Jun 16 15:01:50 2017

cErrLog::SetLogTraceOn
STLinkUSBDriver.dll loaded
No ST-LINK device detected on the USB
No ST-LINK device detected on the USB
No ST-LINK device detected on the USB
No ST-LINK device detected on the USB
No ST-LINK device detected on the USB
No ST-LINK device detected on the USB
No ST-LINK device detected on the USB
No ST-LINK device detected on the USB
No ST-LINK device detected on the USB
No ST-LINK device detected on the USB
No ST-LINK device detected on the USB
No ST-LINK device detected on the USB
No ST-LINK device detected on the USB
No ST-LINK device detected on the USB
No ST-LINK device detected on the USB
No ST-LINK device detected on the USB
No ST-LINK device detected on the USB
No ST-LINK device detected on the USB
No ST-LINK device detected on the USB
No ST-LINK device detected on the USB
No ST-LINK device detected on the USB
No ST-LINK device detected on the USB
No ST-LINK device detected on the USB
No ST-LINK device detected on the USB
No ST-LINK device detected on the USB
No ST-LINK device detected on the USB
No ST-LINK device detected on the USB
No ST-LINK device detected on the USB
No ST-LINK device detected on the USB
No ST-LINK device detected on the USB
No ST-LINK device detected on the USB
**** End of GDI DUMP ****
